This is pdfTeX, Version 3.1415926-2.4-1.40.13 (TeX Live 2012/Debian) (format=latex 2013.9.9)  10 SEP 2013 18:43
entering extended mode
 restricted \write18 enabled.
 %&-line parsing enabled.
**ps1.tex
(./ps1.tex
LaTeX2e <2011/06/27>
Babel <v3.8m> and hyphenation patterns for english, dumylang, nohyphenation, lo
aded.
(/usr/share/texlive/texmf-dist/tex/latex/base/article.cls
Document Class: article 2007/10/19 v1.4h Standard LaTeX document class
(/usr/share/texlive/texmf-dist/tex/latex/base/size12.clo
File: size12.clo 2007/10/19 v1.4h Standard LaTeX file (size option)
)
\c@part=\count79
\c@section=\count80
\c@subsection=\count81
\c@subsubsection=\count82
\c@paragraph=\count83
\c@subparagraph=\count84
\c@figure=\count85
\c@table=\count86
\abovecaptionskip=\skip41
\belowcaptionskip=\skip42
\bibindent=\dimen102
) (./ps1.aux)
\openout1 = `ps1.aux'.

LaTeX Font Info:    Checking defaults for OML/cmm/m/it on input line 3.
LaTeX Font Info:    ... okay on input line 3.
LaTeX Font Info:    Checking defaults for T1/cmr/m/n on input line 3.
LaTeX Font Info:    ... okay on input line 3.
LaTeX Font Info:    Checking defaults for OT1/cmr/m/n on input line 3.
LaTeX Font Info:    ... okay on input line 3.
LaTeX Font Info:    Checking defaults for OMS/cmsy/m/n on input line 3.
LaTeX Font Info:    ... okay on input line 3.
LaTeX Font Info:    Checking defaults for OMX/cmex/m/n on input line 3.
LaTeX Font Info:    ... okay on input line 3.
LaTeX Font Info:    Checking defaults for U/cmr/m/n on input line 3.
LaTeX Font Info:    ... okay on input line 3.
LaTeX Font Info:    External font `cmex10' loaded for size
(Font)              <14.4> on input line 6.
LaTeX Font Info:    External font `cmex10' loaded for size
(Font)              <7> on input line 6.
LaTeX Font Info:    External font `cmex10' loaded for size
(Font)              <12> on input line 9.
LaTeX Font Info:    External font `cmex10' loaded for size
(Font)              <8> on input line 9.
LaTeX Font Info:    External font `cmex10' loaded for size
(Font)              <6> on input line 9.


LaTeX Warning: Float too large for page by 134.69923pt on input line 75.


Overfull \hbox (164.6699pt too wide) in paragraph at lines 86--95
 [] 
 []

[1

] [2]
Overfull \hbox (122.52525pt too wide) in paragraph at lines 161--161
[]\OT1/cmtt/m/n/12 ## The following are the error codes for each of the 15 vari
ables that need fixing:[] 
 []


Overfull \hbox (1166.10077pt too wide) in paragraph at lines 161--161
[]\OT1/cmtt/m/n/12 data <- subset (data, (cardiac != 9) & (lung != 9) & (diabet
es !=9) & (herpes !=9) & (chyper !=9) & (phyper !=9) & (pre4000 !=9) & (preterm
 !=9) & (tobacco !=9) & (cigar !=99) & (cigar6 !=6) & (alcohol !=9) & (drink !=
99) & (drink5 !=5) & (wgain !=99))[] 
 []

[3]
Overfull \hbox (97.82524pt too wide) in paragraph at lines 161--161
[]\OT1/cmtt/m/n/12 smokerstats <- c(mean(smokers$omaps), mean(smokers$fmaps), m
ean(smokers$dbrwt))[] 
 []


Overfull \hbox (171.92528pt too wide) in paragraph at lines 161--161
[]\OT1/cmtt/m/n/12 nonsmokerstats <- c(mean(nonsmokers$omaps), mean(nonsmokers$
fmaps), mean(nonsmokers$dbrwt))[] 
 []

[4] (./ps1.aux) ) 
Here is how much of TeX's memory you used:
 233 strings out of 495060
 2487 string characters out of 3182054
 65157 words of memory out of 3000000
 3492 multiletter control sequences out of 15000+200000
 8363 words of font info for 30 fonts, out of 3000000 for 9000
 14 hyphenation exceptions out of 8191
 22i,9n,19p,262b,250s stack positions out of 5000i,500n,10000p,200000b,50000s

Output written on ps1.dvi (4 pages, 7968 bytes).
