This is pdfTeX, Version 3.1415926-2.5-1.40.14 (TeX Live 2013) (format=pdflatex 2013.5.30)  19 SEP 2013 14:18
entering extended mode
 restricted \write18 enabled.
 file:line:error style messages enabled.
 %&-line parsing enabled.
**ps1.tex
(./ps1.tex
LaTeX2e <2011/06/27>
Babel <3.9f> and hyphenation patterns for 78 languages loaded.
(/usr/local/texlive/2013/texmf-dist/tex/latex/base/article.cls
Document Class: article 2007/10/19 v1.4h Standard LaTeX document class
(/usr/local/texlive/2013/texmf-dist/tex/latex/base/size12.clo
File: size12.clo 2007/10/19 v1.4h Standard LaTeX file (size option)
)
\c@part=\count79
\c@section=\count80
\c@subsection=\count81
\c@subsubsection=\count82
\c@paragraph=\count83
\c@subparagraph=\count84
\c@figure=\count85
\c@table=\count86
\abovecaptionskip=\skip41
\belowcaptionskip=\skip42
\bibindent=\dimen102
) (./ps1.aux)
\openout1 = `ps1.aux'.

LaTeX Font Info:    Checking defaults for OML/cmm/m/it on input line 3.
LaTeX Font Info:    ... okay on input line 3.
LaTeX Font Info:    Checking defaults for T1/cmr/m/n on input line 3.
LaTeX Font Info:    ... okay on input line 3.
LaTeX Font Info:    Checking defaults for OT1/cmr/m/n on input line 3.
LaTeX Font Info:    ... okay on input line 3.
LaTeX Font Info:    Checking defaults for OMS/cmsy/m/n on input line 3.
LaTeX Font Info:    ... okay on input line 3.
LaTeX Font Info:    Checking defaults for OMX/cmex/m/n on input line 3.
LaTeX Font Info:    ... okay on input line 3.
LaTeX Font Info:    Checking defaults for U/cmr/m/n on input line 3.
LaTeX Font Info:    ... okay on input line 3.
LaTeX Font Info:    External font `cmex10' loaded for size
(Font)              <14.4> on input line 6.
LaTeX Font Info:    External font `cmex10' loaded for size
(Font)              <7> on input line 6.
LaTeX Font Info:    Try loading font information for OMS+cmr on input line 11.

(/usr/local/texlive/2013/texmf-dist/tex/latex/base/omscmr.fd
File: omscmr.fd 1999/05/25 v2.5h Standard LaTeX font definitions
)
LaTeX Font Info:    Font shape `OMS/cmr/m/n' in size <12> not available
(Font)              Font shape `OMS/cmsy/m/n' tried instead on input line 11.
LaTeX Font Info:    External font `cmex10' loaded for size
(Font)              <12> on input line 25.
LaTeX Font Info:    External font `cmex10' loaded for size
(Font)              <8> on input line 25.
LaTeX Font Info:    External font `cmex10' loaded for size
(Font)              <6> on input line 25.


LaTeX Warning: Float too large for page by 134.69923pt on input line 80.


Overfull \hbox (164.6699pt too wide) in paragraph at lines 91--100
 [] 
 []

[1

{/usr/local/texlive/2013/texmf-var/fonts/map/pdftex/updmap/pdftex.map}]
[2]
Overfull \hbox (122.52525pt too wide) in paragraph at lines 166--166
[]\OT1/cmtt/m/n/12 ## The following are the error codes for each of the 15 vari
ables that need fixing:[] 
 []


Overfull \hbox (1166.10077pt too wide) in paragraph at lines 166--166
[]\OT1/cmtt/m/n/12 data <- subset (data, (cardiac != 9) & (lung != 9) & (diabet
es !=9) & (herpes !=9) & (chyper !=9) & (phyper !=9) & (pre4000 !=9) & (preterm
 !=9) & (tobacco !=9) & (cigar !=99) & (cigar6 !=6) & (alcohol !=9) & (drink !=
99) & (drink5 !=5) & (wgain !=99))[] 
 []

[3]
Overfull \hbox (97.82524pt too wide) in paragraph at lines 166--166
[]\OT1/cmtt/m/n/12 smokerstats <- c(mean(smokers$omaps), mean(smokers$fmaps), m
ean(smokers$dbrwt))[] 
 []


Overfull \hbox (171.92528pt too wide) in paragraph at lines 166--166
[]\OT1/cmtt/m/n/12 nonsmokerstats <- c(mean(nonsmokers$omaps), mean(nonsmokers$
fmaps), mean(nonsmokers$dbrwt))[] 
 []

[4] (./ps1.aux) ) 
Here is how much of TeX's memory you used:
 253 strings out of 493315
 2833 string characters out of 6137904
 71158 words of memory out of 5000000
 3776 multiletter control sequences out of 15000+600000
 8710 words of font info for 31 fonts, out of 8000000 for 9000
 957 hyphenation exceptions out of 8191
 22i,8n,19p,262b,248s stack positions out of 5000i,500n,10000p,200000b,80000s
</usr/local/texlive/2013/texmf-dist/fonts/type1/public/amsfont
s/cm/cmbx12.pfb></usr/local/texlive/2013/texmf-dist/fonts/type1/public/amsfonts
/cm/cmmi12.pfb></usr/local/texlive/2013/texmf-dist/fonts/type1/public/amsfonts/
cm/cmr12.pfb></usr/local/texlive/2013/texmf-dist/fonts/type1/public/amsfonts/cm
/cmr17.pfb></usr/local/texlive/2013/texmf-dist/fonts/type1/public/amsfonts/cm/c
msy10.pfb></usr/local/texlive/2013/texmf-dist/fonts/type1/public/amsfonts/cm/cm
ti12.pfb></usr/local/texlive/2013/texmf-dist/fonts/type1/public/amsfonts/cm/cmt
t12.pfb>
Output written on ps1.pdf (4 pages, 80704 bytes).
PDF statistics:
 45 PDF objects out of 1000 (max. 8388607)
 31 compressed objects within 1 object stream
 0 named destinations out of 1000 (max. 500000)
 1 words of extra memory for PDF output out of 10000 (max. 10000000)

